<?xml version="1.0" encoding="UTF-8"?>
<testsuite name="com.tw.ddd.ecommerce.CartTest" tests="1" skipped="0" failures="0" errors="0" timestamp="2021-07-16T11:46:43" hostname="Chinmays-MacBook-Pro.local" time="0.015">
  <properties/>
  <testcase name="shouldAddProductToCart()" classname="com.tw.ddd.ecommerce.CartTest" time="0.015"/>
  <system-out><![CDATA[]]></system-out>
  <system-err><![CDATA[]]></system-err>
</testsuite>
